# JRE version: Java(TM) SE Runtime Environment (17.0.8+9) (build 17.0.8+9-LTS-211)
# Java VM: Java HotSpot(TM) 64-Bit Server VM (17.0.8+9-LTS-211, mixed mode, sharing, tiered, compressed oops, compressed class ptrs, g1 gc, windows-amd64)
GC Precious Log:
 CPUs: 12 total, 12 available
 Memory: 5996M
 Large Page Support: Disabled
 NUMA Support: Disabled
 Compressed Oops: Enabled (32-bit)
 Heap Region Size: 1M
 Heap Min Capacity: 8M
 Heap Initial Capacity: 94M
 Heap Max Capacity: 1500M
 Pre-touch: Disabled
 Parallel Workers: 10
 Concurrent Workers: 3
 Concurrent Refinement Workers: 10
 Periodic GC: Disabled
Heap:
 garbage-first heap   total 111616K, used 58851K [0x00000000a2400000, 0x0000000100000000)
  region size 1024K, 40 young (40960K), 8 survivors (8192K)
 Metaspace       used 58239K, committed 58624K, reserved 1114112K
  class space    used 7819K, committed 8000K, reserved 1048576K
GC Heap History (20 events):
Event: 1.060 GC heap before
{Heap before GC invocations=1 (full 0):
 garbage-first heap   total 96256K, used 32064K [0x00000000a2400000, 0x0000000100000000)
  region size 1024K, 26 young (26624K), 3 survivors (3072K)
 Metaspace       used 11283K, committed 11456K, reserved 1114112K
  class space    used 1449K, committed 1536K, reserved 1048576K
}
Event: 1.065 GC heap after
{Heap after GC invocations=2 (full 0):
 garbage-first heap   total 96256K, used 10396K [0x00000000a2400000, 0x0000000100000000)
  region size 1024K, 2 young (2048K), 2 survivors (2048K)
 Metaspace       used 11283K, committed 11456K, reserved 1114112K
  class space    used 1449K, committed 1536K, reserved 1048576K
}
Event: 1.507 GC heap before
{Heap before GC invocations=2 (full 0):
 garbage-first heap   total 96256K, used 45212K [0x00000000a2400000, 0x0000000100000000)
  region size 1024K, 37 young (37888K), 2 survivors (2048K)
 Metaspace       used 18211K, committed 18432K, reserved 1114112K
  class space    used 2431K, committed 2560K, reserved 1048576K
}
Event: 1.513 GC heap after
{Heap after GC invocations=3 (full 0):
 garbage-first heap   total 96256K, used 12486K [0x00000000a2400000, 0x0000000100000000)
  region size 1024K, 4 young (4096K), 4 survivors (4096K)
 Metaspace       used 18211K, committed 18432K, reserved 1114112K
  class space    used 2431K, committed 2560K, reserved 1048576K
}
Event: 1.651 GC heap before
{Heap before GC invocations=3 (full 0):
 garbage-first heap   total 96256K, used 28870K [0x00000000a2400000, 0x0000000100000000)
  region size 1024K, 22 young (22528K), 4 survivors (4096K)
 Metaspace       used 21367K, committed 21568K, reserved 1114112K
  class space    used 2754K, committed 2880K, reserved 1048576K
}
Event: 1.655 GC heap after
{Heap after GC invocations=4 (full 0):
 garbage-first heap   total 96256K, used 13799K [0x00000000a2400000, 0x0000000100000000)
  region size 1024K, 4 young (4096K), 4 survivors (4096K)
 Metaspace       used 21367K, committed 21568K, reserved 1114112K
  class space    used 2754K, committed 2880K, reserved 1048576K
}
Event: 2.021 GC heap before
{Heap before GC invocations=5 (full 0):
 garbage-first heap   total 55296K, used 42471K [0x00000000a2400000, 0x0000000100000000)
  region size 1024K, 32 young (32768K), 4 survivors (4096K)
 Metaspace       used 24705K, committed 24960K, reserved 1114112K
  class space    used 3234K, committed 3328K, reserved 1048576K
}
Event: 2.026 GC heap after
{Heap after GC invocations=6 (full 0):
 garbage-first heap   total 55296K, used 15175K [0x00000000a2400000, 0x0000000100000000)
  region size 1024K, 3 young (3072K), 3 survivors (3072K)
 Metaspace       used 24705K, committed 24960K, reserved 1114112K
  class space    used 3234K, committed 3328K, reserved 1048576K
}
Event: 2.042 GC heap before
{Heap before GC invocations=6 (full 0):
 garbage-first heap   total 55296K, used 16199K [0x00000000a2400000, 0x0000000100000000)
  region size 1024K, 4 young (4096K), 3 survivors (3072K)
 Metaspace       used 24831K, committed 25024K, reserved 1114112K
  class space    used 3249K, committed 3328K, reserved 1048576K
}
Event: 2.047 GC heap after
{Heap after GC invocations=7 (full 0):
 garbage-first heap   total 66560K, used 15465K [0x00000000a2400000, 0x0000000100000000)
  region size 1024K, 1 young (1024K), 1 survivors (1024K)
 Metaspace       used 24831K, committed 25024K, reserved 1114112K
  class space    used 3249K, committed 3328K, reserved 1048576K
}
Event: 2.630 GC heap before
{Heap before GC invocations=7 (full 0):
 garbage-first heap   total 66560K, used 47209K [0x00000000a2400000, 0x0000000100000000)
  region size 1024K, 32 young (32768K), 1 survivors (1024K)
 Metaspace       used 28829K, committed 29120K, reserved 1114112K
  class space    used 3790K, committed 3904K, reserved 1048576K
}
Event: 2.637 GC heap after
{Heap after GC invocations=8 (full 0):
 garbage-first heap   total 66560K, used 17794K [0x00000000a2400000, 0x0000000100000000)
  region size 1024K, 3 young (3072K), 3 survivors (3072K)
 Metaspace       used 28829K, committed 29120K, reserved 1114112K
  class space    used 3790K, committed 3904K, reserved 1048576K
}
Event: 3.413 GC heap before
{Heap before GC invocations=8 (full 0):
 garbage-first heap   total 66560K, used 48514K [0x00000000a2400000, 0x0000000100000000)
  region size 1024K, 33 young (33792K), 3 survivors (3072K)
 Metaspace       used 34893K, committed 35264K, reserved 1114112K
  class space    used 4771K, committed 4928K, reserved 1048576K
}
Event: 3.421 GC heap after
{Heap after GC invocations=9 (full 0):
 garbage-first heap   total 66560K, used 19743K [0x00000000a2400000, 0x0000000100000000)
  region size 1024K, 2 young (2048K), 2 survivors (2048K)
 Metaspace       used 34893K, committed 35264K, reserved 1114112K
  class space    used 4771K, committed 4928K, reserved 1048576K
}
Event: 3.522 GC heap before
{Heap before GC invocations=9 (full 0):
 garbage-first heap   total 66560K, used 22815K [0x00000000a2400000, 0x0000000100000000)
  region size 1024K, 6 young (6144K), 2 survivors (2048K)
 Metaspace       used 36046K, committed 36288K, reserved 1114112K
  class space    used 4888K, committed 4992K, reserved 1048576K
}
Event: 3.527 GC heap after
{Heap after GC invocations=10 (full 0):
 garbage-first heap   total 66560K, used 20138K [0x00000000a2400000, 0x0000000100000000)
  region size 1024K, 3 young (3072K), 3 survivors (3072K)
 Metaspace       used 36046K, committed 36288K, reserved 1114112K
  class space    used 4888K, committed 4992K, reserved 1048576K
}
Event: 4.511 GC heap before
{Heap before GC invocations=11 (full 0):
 garbage-first heap   total 66560K, used 49834K [0x00000000a2400000, 0x0000000100000000)
  region size 1024K, 32 young (32768K), 3 survivors (3072K)
 Metaspace       used 46694K, committed 46976K, reserved 1114112K
  class space    used 6246K, committed 6400K, reserved 1048576K
}
Event: 4.518 GC heap after
{Heap after GC invocations=12 (full 0):
 garbage-first heap   total 111616K, used 23355K [0x00000000a2400000, 0x0000000100000000)
  region size 1024K, 4 young (4096K), 4 survivors (4096K)
 Metaspace       used 46694K, committed 46976K, reserved 1114112K
  class space    used 6246K, committed 6400K, reserved 1048576K
}
Event: 9.005 GC heap before
{Heap before GC invocations=12 (full 0):
 garbage-first heap   total 111616K, used 82747K [0x00000000a2400000, 0x0000000100000000)
  region size 1024K, 62 young (63488K), 4 survivors (4096K)
 Metaspace       used 55081K, committed 55488K, reserved 1114112K
  class space    used 7408K, committed 7616K, reserved 1048576K
}
Event: 9.018 GC heap after
{Heap after GC invocations=13 (full 0):
 garbage-first heap   total 111616K, used 27107K [0x00000000a2400000, 0x0000000100000000)
  region size 1024K, 8 young (8192K), 8 survivors (8192K)
 Metaspace       used 55081K, committed 55488K, reserved 1114112K
  class space    used 7408K, committed 7616K, reserved 1048576K
}

