# JRE version: Java(TM) SE Runtime Environment (17.0.8+9) (build 17.0.8+9-LTS-211)
# Java VM: Java HotSpot(TM) 64-Bit Server VM (17.0.8+9-LTS-211, mixed mode, sharing, tiered, compressed oops, compressed class ptrs, g1 gc, windows-amd64)
GC Precious Log:
 CPUs: 12 total, 12 available
 Memory: 5996M
 Large Page Support: Disabled
 NUMA Support: Disabled
 Compressed Oops: Enabled (32-bit)
 Heap Region Size: 1M
 Heap Min Capacity: 8M
 Heap Initial Capacity: 94M
 Heap Max Capacity: 1500M
 Pre-touch: Disabled
 Parallel Workers: 10
 Concurrent Workers: 3
 Concurrent Refinement Workers: 10
 Periodic GC: Disabled
Heap:
 garbage-first heap   total 79872K, used 35072K [0x00000000a2400000, 0x0000000100000000)
  region size 1024K, 16 young (16384K), 4 survivors (4096K)
 Metaspace       used 48931K, committed 49280K, reserved 1114112K
  class space    used 6625K, committed 6784K, reserved 1048576K
GC Heap History (18 events):
Event: 0.611 GC heap before
{Heap before GC invocations=0 (full 0):
 garbage-first heap   total 96256K, used 23552K [0x00000000a2400000, 0x0000000100000000)
  region size 1024K, 23 young (23552K), 0 survivors (0K)
 Metaspace       used 5323K, committed 5440K, reserved 1114112K
  class space    used 641K, committed 704K, reserved 1048576K
}
Event: 0.619 GC heap after
{Heap after GC invocations=1 (full 0):
 garbage-first heap   total 96256K, used 8752K [0x00000000a2400000, 0x0000000100000000)
  region size 1024K, 3 young (3072K), 3 survivors (3072K)
 Metaspace       used 5323K, committed 5440K, reserved 1114112K
  class space    used 641K, committed 704K, reserved 1048576K
}
Event: 1.147 GC heap before
{Heap before GC invocations=1 (full 0):
 garbage-first heap   total 96256K, used 31280K [0x00000000a2400000, 0x0000000100000000)
  region size 1024K, 25 young (25600K), 3 survivors (3072K)
 Metaspace       used 11102K, committed 11264K, reserved 1114112K
  class space    used 1415K, committed 1472K, reserved 1048576K
}
Event: 1.153 GC heap after
{Heap after GC invocations=2 (full 0):
 garbage-first heap   total 96256K, used 10976K [0x00000000a2400000, 0x0000000100000000)
  region size 1024K, 2 young (2048K), 2 survivors (2048K)
 Metaspace       used 11102K, committed 11264K, reserved 1114112K
  class space    used 1415K, committed 1472K, reserved 1048576K
}
Event: 1.654 GC heap before
{Heap before GC invocations=2 (full 0):
 garbage-first heap   total 96256K, used 45792K [0x00000000a2400000, 0x0000000100000000)
  region size 1024K, 37 young (37888K), 2 survivors (2048K)
 Metaspace       used 18186K, committed 18368K, reserved 1114112K
  class space    used 2429K, committed 2496K, reserved 1048576K
}
Event: 1.660 GC heap after
{Heap after GC invocations=3 (full 0):
 garbage-first heap   total 96256K, used 13076K [0x00000000a2400000, 0x0000000100000000)
  region size 1024K, 4 young (4096K), 4 survivors (4096K)
 Metaspace       used 18186K, committed 18368K, reserved 1114112K
  class space    used 2429K, committed 2496K, reserved 1048576K
}
Event: 1.825 GC heap before
{Heap before GC invocations=3 (full 0):
 garbage-first heap   total 96256K, used 29460K [0x00000000a2400000, 0x0000000100000000)
  region size 1024K, 22 young (22528K), 4 survivors (4096K)
 Metaspace       used 21366K, committed 21504K, reserved 1114112K
  class space    used 2754K, committed 2816K, reserved 1048576K
}
Event: 1.830 GC heap after
{Heap after GC invocations=4 (full 0):
 garbage-first heap   total 96256K, used 14411K [0x00000000a2400000, 0x0000000100000000)
  region size 1024K, 4 young (4096K), 4 survivors (4096K)
 Metaspace       used 21366K, committed 21504K, reserved 1114112K
  class space    used 2754K, committed 2816K, reserved 1048576K
}
Event: 2.247 GC heap before
{Heap before GC invocations=5 (full 0):
 garbage-first heap   total 55296K, used 43083K [0x00000000a2400000, 0x0000000100000000)
  region size 1024K, 32 young (32768K), 4 survivors (4096K)
 Metaspace       used 24670K, committed 24896K, reserved 1114112K
  class space    used 3230K, committed 3328K, reserved 1048576K
}
Event: 2.253 GC heap after
{Heap after GC invocations=6 (full 0):
 garbage-first heap   total 66560K, used 15733K [0x00000000a2400000, 0x0000000100000000)
  region size 1024K, 3 young (3072K), 3 survivors (3072K)
 Metaspace       used 24670K, committed 24896K, reserved 1114112K
  class space    used 3230K, committed 3328K, reserved 1048576K
}
Event: 2.840 GC heap before
{Heap before GC invocations=6 (full 0):
 garbage-first heap   total 66560K, used 45429K [0x00000000a2400000, 0x0000000100000000)
  region size 1024K, 33 young (33792K), 3 survivors (3072K)
 Metaspace       used 28630K, committed 28928K, reserved 1114112K
  class space    used 3768K, committed 3904K, reserved 1048576K
}
Event: 2.849 GC heap after
{Heap after GC invocations=7 (full 0):
 garbage-first heap   total 66560K, used 18098K [0x00000000a2400000, 0x0000000100000000)
  region size 1024K, 5 young (5120K), 5 survivors (5120K)
 Metaspace       used 28630K, committed 28928K, reserved 1114112K
  class space    used 3768K, committed 3904K, reserved 1048576K
}
Event: 3.481 GC heap before
{Heap before GC invocations=7 (full 0):
 garbage-first heap   total 66560K, used 47794K [0x00000000a2400000, 0x0000000100000000)
  region size 1024K, 34 young (34816K), 5 survivors (5120K)
 Metaspace       used 33706K, committed 34048K, reserved 1114112K
  class space    used 4518K, committed 4672K, reserved 1048576K
}
Event: 3.490 GC heap after
{Heap after GC invocations=8 (full 0):
 garbage-first heap   total 66560K, used 20372K [0x00000000a2400000, 0x0000000100000000)
  region size 1024K, 5 young (5120K), 5 survivors (5120K)
 Metaspace       used 33706K, committed 34048K, reserved 1114112K
  class space    used 4518K, committed 4672K, reserved 1048576K
}
Event: 3.647 GC heap before
{Heap before GC invocations=8 (full 0):
 garbage-first heap   total 66560K, used 26516K [0x00000000a2400000, 0x0000000100000000)
  region size 1024K, 12 young (12288K), 5 survivors (5120K)
 Metaspace       used 35850K, committed 36160K, reserved 1114112K
  class space    used 4879K, committed 5056K, reserved 1048576K
}
Event: 3.653 GC heap after
{Heap after GC invocations=9 (full 0):
 garbage-first heap   total 66560K, used 20968K [0x00000000a2400000, 0x0000000100000000)
  region size 1024K, 3 young (3072K), 3 survivors (3072K)
 Metaspace       used 35850K, committed 36160K, reserved 1114112K
  class space    used 4879K, committed 5056K, reserved 1048576K
}
Event: 4.656 GC heap before
{Heap before GC invocations=10 (full 0):
 garbage-first heap   total 66560K, used 49640K [0x00000000a2400000, 0x0000000100000000)
  region size 1024K, 31 young (31744K), 3 survivors (3072K)
 Metaspace       used 46473K, committed 46784K, reserved 1114112K
  class space    used 6214K, committed 6336K, reserved 1048576K
}
Event: 4.667 GC heap after
{Heap after GC invocations=11 (full 0):
 garbage-first heap   total 79872K, used 23808K [0x00000000a2400000, 0x0000000100000000)
  region size 1024K, 4 young (4096K), 4 survivors (4096K)
 Metaspace       used 46473K, committed 46784K, reserved 1114112K
  class space    used 6214K, committed 6336K, reserved 1048576K
}

