# JRE version: Java(TM) SE Runtime Environment (17.0.8+9) (build 17.0.8+9-LTS-211)
# Java VM: Java HotSpot(TM) 64-Bit Server VM (17.0.8+9-LTS-211, mixed mode, sharing, tiered, compressed oops, compressed class ptrs, g1 gc, windows-amd64)
GC Precious Log:
 CPUs: 12 total, 12 available
 Memory: 5996M
 Large Page Support: Disabled
 NUMA Support: Disabled
 Compressed Oops: Enabled (32-bit)
 Heap Region Size: 1M
 Heap Min Capacity: 8M
 Heap Initial Capacity: 94M
 Heap Max Capacity: 1500M
 Pre-touch: Disabled
 Parallel Workers: 10
 Concurrent Workers: 3
 Concurrent Refinement Workers: 10
 Periodic GC: Disabled
Heap:
 garbage-first heap   total 99328K, used 50167K [0x00000000a2400000, 0x0000000100000000)
  region size 1024K, 3 young (3072K), 3 survivors (3072K)
 Metaspace       used 69152K, committed 69568K, reserved 1114112K
  class space    used 9081K, committed 9280K, reserved 1048576K
GC Heap History (20 events):
Event: 15.267 GC heap after
{Heap after GC invocations=23 (full 0):
 garbage-first heap   total 78848K, used 39442K [0x00000000a2400000, 0x0000000100000000)
  region size 1024K, 2 young (2048K), 2 survivors (2048K)
 Metaspace       used 67883K, committed 68224K, reserved 1114112K
  class space    used 8965K, committed 9152K, reserved 1048576K
}
Event: 15.325 GC heap before
{Heap before GC invocations=23 (full 0):
 garbage-first heap   total 78848K, used 46610K [0x00000000a2400000, 0x0000000100000000)
  region size 1024K, 3 young (3072K), 2 survivors (2048K)
 Metaspace       used 67912K, committed 68352K, reserved 1114112K
  class space    used 8965K, committed 9152K, reserved 1048576K
}
Event: 15.327 GC heap after
{Heap after GC invocations=24 (full 0):
 garbage-first heap   total 78848K, used 39301K [0x00000000a2400000, 0x0000000100000000)
  region size 1024K, 1 young (1024K), 1 survivors (1024K)
 Metaspace       used 67912K, committed 68352K, reserved 1114112K
  class space    used 8965K, committed 9152K, reserved 1048576K
}
Event: 15.335 GC heap before
{Heap before GC invocations=24 (full 0):
 garbage-first heap   total 78848K, used 39301K [0x00000000a2400000, 0x0000000100000000)
  region size 1024K, 3 young (3072K), 1 survivors (1024K)
 Metaspace       used 67912K, committed 68352K, reserved 1114112K
  class space    used 8965K, committed 9152K, reserved 1048576K
}
Event: 15.339 GC heap after
{Heap after GC invocations=25 (full 0):
 garbage-first heap   total 78848K, used 40208K [0x00000000a2400000, 0x0000000100000000)
  region size 1024K, 1 young (1024K), 1 survivors (1024K)
 Metaspace       used 67912K, committed 68352K, reserved 1114112K
  class space    used 8965K, committed 9152K, reserved 1048576K
}
Event: 340.766 GC heap before
{Heap before GC invocations=26 (full 0):
 garbage-first heap   total 78848K, used 68880K [0x00000000a2400000, 0x0000000100000000)
  region size 1024K, 16 young (16384K), 1 survivors (1024K)
 Metaspace       used 68978K, committed 69376K, reserved 1114112K
  class space    used 9078K, committed 9280K, reserved 1048576K
}
Event: 340.787 GC heap after
{Heap after GC invocations=27 (full 0):
 garbage-first heap   total 78848K, used 40635K [0x00000000a2400000, 0x0000000100000000)
  region size 1024K, 2 young (2048K), 2 survivors (2048K)
 Metaspace       used 68978K, committed 69376K, reserved 1114112K
  class space    used 9078K, committed 9280K, reserved 1048576K
}
Event: 340.837 GC heap before
{Heap before GC invocations=27 (full 0):
 garbage-first heap   total 78848K, used 45755K [0x00000000a2400000, 0x0000000100000000)
  region size 1024K, 3 young (3072K), 2 survivors (2048K)
 Metaspace       used 68980K, committed 69376K, reserved 1114112K
  class space    used 9078K, committed 9280K, reserved 1048576K
}
Event: 340.850 GC heap after
{Heap after GC invocations=28 (full 0):
 garbage-first heap   total 78848K, used 40392K [0x00000000a2400000, 0x0000000100000000)
  region size 1024K, 1 young (1024K), 1 survivors (1024K)
 Metaspace       used 68980K, committed 69376K, reserved 1114112K
  class space    used 9078K, committed 9280K, reserved 1048576K
}
Event: 340.851 GC heap before
{Heap before GC invocations=28 (full 0):
 garbage-first heap   total 78848K, used 40392K [0x00000000a2400000, 0x0000000100000000)
  region size 1024K, 2 young (2048K), 1 survivors (1024K)
 Metaspace       used 68980K, committed 69376K, reserved 1114112K
  class space    used 9078K, committed 9280K, reserved 1048576K
}
Event: 340.863 GC heap after
{Heap after GC invocations=29 (full 0):
 garbage-first heap   total 95232K, used 40636K [0x00000000a2400000, 0x0000000100000000)
  region size 1024K, 1 young (1024K), 1 survivors (1024K)
 Metaspace       used 68980K, committed 69376K, reserved 1114112K
  class space    used 9078K, committed 9280K, reserved 1048576K
}
Event: 340.939 GC heap before
{Heap before GC invocations=29 (full 0):
 garbage-first heap   total 95232K, used 44732K [0x00000000a2400000, 0x0000000100000000)
  region size 1024K, 5 young (5120K), 1 survivors (1024K)
 Metaspace       used 68993K, committed 69376K, reserved 1114112K
  class space    used 9079K, committed 9280K, reserved 1048576K
}
Event: 340.943 GC heap after
{Heap after GC invocations=30 (full 0):
 garbage-first heap   total 95232K, used 41565K [0x00000000a2400000, 0x0000000100000000)
  region size 1024K, 2 young (2048K), 2 survivors (2048K)
 Metaspace       used 68993K, committed 69376K, reserved 1114112K
  class space    used 9079K, committed 9280K, reserved 1048576K
}
Event: 340.962 GC heap before
{Heap before GC invocations=30 (full 0):
 garbage-first heap   total 95232K, used 44637K [0x00000000a2400000, 0x0000000100000000)
  region size 1024K, 3 young (3072K), 2 survivors (2048K)
 Metaspace       used 68993K, committed 69376K, reserved 1114112K
  class space    used 9079K, committed 9280K, reserved 1048576K
}
Event: 340.965 GC heap after
{Heap after GC invocations=31 (full 0):
 garbage-first heap   total 95232K, used 44888K [0x00000000a2400000, 0x0000000100000000)
  region size 1024K, 1 young (1024K), 1 survivors (1024K)
 Metaspace       used 68993K, committed 69376K, reserved 1114112K
  class space    used 9079K, committed 9280K, reserved 1048576K
}
Event: 386.387 GC heap before
{Heap before GC invocations=32 (full 0):
 garbage-first heap   total 99328K, used 89944K [0x00000000a2400000, 0x0000000100000000)
  region size 1024K, 15 young (15360K), 1 survivors (1024K)
 Metaspace       used 69141K, committed 69568K, reserved 1114112K
  class space    used 9081K, committed 9280K, reserved 1048576K
}
Event: 386.411 GC heap after
{Heap after GC invocations=33 (full 0):
 garbage-first heap   total 99328K, used 47720K [0x00000000a2400000, 0x0000000100000000)
  region size 1024K, 1 young (1024K), 1 survivors (1024K)
 Metaspace       used 69141K, committed 69568K, reserved 1114112K
  class space    used 9081K, committed 9280K, reserved 1048576K
}
Event: 386.477 GC heap before
{Heap before GC invocations=33 (full 0):
 garbage-first heap   total 99328K, used 62056K [0x00000000a2400000, 0x0000000100000000)
  region size 1024K, 4 young (4096K), 1 survivors (1024K)
 Metaspace       used 69152K, committed 69568K, reserved 1114112K
  class space    used 9081K, committed 9280K, reserved 1048576K
}
Event: 386.494 GC heap after
{Heap after GC invocations=34 (full 0):
 garbage-first heap   total 99328K, used 48787K [0x00000000a2400000, 0x0000000100000000)
  region size 1024K, 1 young (1024K), 1 survivors (1024K)
 Metaspace       used 69152K, committed 69568K, reserved 1114112K
  class space    used 9081K, committed 9280K, reserved 1048576K
}
Event: 386.499 GC heap before
{Heap before GC invocations=34 (full 0):
 garbage-first heap   total 99328K, used 48787K [0x00000000a2400000, 0x0000000100000000)
  region size 1024K, 3 young (3072K), 1 survivors (1024K)
 Metaspace       used 69152K, committed 69568K, reserved 1114112K
  class space    used 9081K, committed 9280K, reserved 1048576K
}

