# JRE version: Java(TM) SE Runtime Environment (17.0.8+9) (build 17.0.8+9-LTS-211)
# Java VM: Java HotSpot(TM) 64-Bit Server VM (17.0.8+9-LTS-211, mixed mode, sharing, tiered, compressed oops, compressed class ptrs, g1 gc, windows-amd64)
GC Precious Log:
 CPUs: 12 total, 12 available
 Memory: 5996M
 Large Page Support: Disabled
 NUMA Support: Disabled
 Compressed Oops: Enabled (32-bit)
 Heap Region Size: 1M
 Heap Min Capacity: 8M
 Heap Initial Capacity: 94M
 Heap Max Capacity: 1500M
 Pre-touch: Disabled
 Parallel Workers: 10
 Concurrent Workers: 3
 Concurrent Refinement Workers: 10
 Periodic GC: Disabled
Heap:
 garbage-first heap   total 97280K, used 65622K [0x00000000a2400000, 0x0000000100000000)
  region size 1024K, 41 young (41984K), 5 survivors (5120K)
 Metaspace       used 59812K, committed 60224K, reserved 1114112K
  class space    used 7930K, committed 8128K, reserved 1048576K
GC Heap History (20 events):
Event: 2.827 GC heap before
{Heap before GC invocations=5 (full 0):
 garbage-first heap   total 51200K, used 39022K [0x00000000a2400000, 0x0000000100000000)
  region size 1024K, 30 young (30720K), 4 survivors (4096K)
 Metaspace       used 24354K, committed 24576K, reserved 1114112K
  class space    used 3184K, committed 3264K, reserved 1048576K
}
Event: 2.833 GC heap after
{Heap after GC invocations=6 (full 0):
 garbage-first heap   total 51200K, used 14635K [0x00000000a2400000, 0x0000000100000000)
  region size 1024K, 3 young (3072K), 3 survivors (3072K)
 Metaspace       used 24354K, committed 24576K, reserved 1114112K
  class space    used 3184K, committed 3264K, reserved 1048576K
}
Event: 2.859 GC heap before
{Heap before GC invocations=6 (full 0):
 garbage-first heap   total 51200K, used 15659K [0x00000000a2400000, 0x0000000100000000)
  region size 1024K, 4 young (4096K), 3 survivors (3072K)
 Metaspace       used 24465K, committed 24768K, reserved 1114112K
  class space    used 3197K, committed 3328K, reserved 1048576K
}
Event: 2.864 GC heap after
{Heap after GC invocations=7 (full 0):
 garbage-first heap   total 61440K, used 15014K [0x00000000a2400000, 0x0000000100000000)
  region size 1024K, 1 young (1024K), 1 survivors (1024K)
 Metaspace       used 24465K, committed 24768K, reserved 1114112K
  class space    used 3197K, committed 3328K, reserved 1048576K
}
Event: 3.623 GC heap before
{Heap before GC invocations=7 (full 0):
 garbage-first heap   total 61440K, used 42662K [0x00000000a2400000, 0x0000000100000000)
  region size 1024K, 28 young (28672K), 1 survivors (1024K)
 Metaspace       used 28101K, committed 28352K, reserved 1114112K
  class space    used 3693K, committed 3840K, reserved 1048576K
}
Event: 3.630 GC heap after
{Heap after GC invocations=8 (full 0):
 garbage-first heap   total 61440K, used 16850K [0x00000000a2400000, 0x0000000100000000)
  region size 1024K, 3 young (3072K), 3 survivors (3072K)
 Metaspace       used 28101K, committed 28352K, reserved 1114112K
  class space    used 3693K, committed 3840K, reserved 1048576K
}
Event: 4.218 GC heap before
{Heap before GC invocations=8 (full 0):
 garbage-first heap   total 61440K, used 43474K [0x00000000a2400000, 0x0000000100000000)
  region size 1024K, 29 young (29696K), 3 survivors (3072K)
 Metaspace       used 32017K, committed 32256K, reserved 1114112K
  class space    used 4240K, committed 4352K, reserved 1048576K
}
Event: 4.230 GC heap after
{Heap after GC invocations=9 (full 0):
 garbage-first heap   total 61440K, used 19195K [0x00000000a2400000, 0x0000000100000000)
  region size 1024K, 3 young (3072K), 3 survivors (3072K)
 Metaspace       used 32017K, committed 32256K, reserved 1114112K
  class space    used 4240K, committed 4352K, reserved 1048576K
}
Event: 4.672 GC heap before
{Heap before GC invocations=9 (full 0):
 garbage-first heap   total 61440K, used 31483K [0x00000000a2400000, 0x0000000100000000)
  region size 1024K, 17 young (17408K), 3 survivors (3072K)
 Metaspace       used 35964K, committed 36160K, reserved 1114112K
  class space    used 4892K, committed 4992K, reserved 1048576K
}
Event: 4.683 GC heap after
{Heap after GC invocations=10 (full 0):
 garbage-first heap   total 61440K, used 19992K [0x00000000a2400000, 0x0000000100000000)
  region size 1024K, 1 young (1024K), 1 survivors (1024K)
 Metaspace       used 35964K, committed 36160K, reserved 1114112K
  class space    used 4892K, committed 4992K, reserved 1048576K
}
Event: 7.203 GC heap before
{Heap before GC invocations=11 (full 0):
 garbage-first heap   total 61440K, used 46616K [0x00000000a2400000, 0x0000000100000000)
  region size 1024K, 27 young (27648K), 1 survivors (1024K)
 Metaspace       used 46017K, committed 46336K, reserved 1114112K
  class space    used 6173K, committed 6336K, reserved 1048576K
}
Event: 7.221 GC heap after
{Heap after GC invocations=12 (full 0):
 garbage-first heap   total 61440K, used 22822K [0x00000000a2400000, 0x0000000100000000)
  region size 1024K, 4 young (4096K), 4 survivors (4096K)
 Metaspace       used 46017K, committed 46336K, reserved 1114112K
  class space    used 6173K, committed 6336K, reserved 1048576K
}
Event: 8.002 GC heap before
{Heap before GC invocations=12 (full 0):
 garbage-first heap   total 61440K, used 45350K [0x00000000a2400000, 0x0000000100000000)
  region size 1024K, 27 young (27648K), 4 survivors (4096K)
 Metaspace       used 50000K, committed 50304K, reserved 1114112K
  class space    used 6797K, committed 6912K, reserved 1048576K
}
Event: 8.017 GC heap after
{Heap after GC invocations=13 (full 0):
 garbage-first heap   total 61440K, used 24113K [0x00000000a2400000, 0x0000000100000000)
  region size 1024K, 2 young (2048K), 2 survivors (2048K)
 Metaspace       used 50000K, committed 50304K, reserved 1114112K
  class space    used 6797K, committed 6912K, reserved 1048576K
}
Event: 14.181 GC heap before
{Heap before GC invocations=13 (full 0):
 garbage-first heap   total 61440K, used 46641K [0x00000000a2400000, 0x0000000100000000)
  region size 1024K, 24 young (24576K), 2 survivors (2048K)
 Metaspace       used 52900K, committed 53248K, reserved 1114112K
  class space    used 7140K, committed 7296K, reserved 1048576K
}
Event: 14.189 GC heap after
{Heap after GC invocations=14 (full 0):
 garbage-first heap   total 97280K, used 24980K [0x00000000a2400000, 0x0000000100000000)
  region size 1024K, 3 young (3072K), 3 survivors (3072K)
 Metaspace       used 52900K, committed 53248K, reserved 1114112K
  class space    used 7140K, committed 7296K, reserved 1048576K
}
Event: 15.403 GC heap before
{Heap before GC invocations=14 (full 0):
 garbage-first heap   total 97280K, used 74132K [0x00000000a2400000, 0x0000000100000000)
  region size 1024K, 51 young (52224K), 3 survivors (3072K)
 Metaspace       used 58279K, committed 58624K, reserved 1114112K
  class space    used 7818K, committed 8000K, reserved 1048576K
}
Event: 15.424 GC heap after
{Heap after GC invocations=15 (full 0):
 garbage-first heap   total 97280K, used 28094K [0x00000000a2400000, 0x0000000100000000)
  region size 1024K, 6 young (6144K), 6 survivors (6144K)
 Metaspace       used 58279K, committed 58624K, reserved 1114112K
  class space    used 7818K, committed 8000K, reserved 1048576K
}
Event: 15.894 GC heap before
{Heap before GC invocations=15 (full 0):
 garbage-first heap   total 97280K, used 73150K [0x00000000a2400000, 0x0000000100000000)
  region size 1024K, 50 young (51200K), 6 survivors (6144K)
 Metaspace       used 59019K, committed 59392K, reserved 1114112K
  class space    used 7871K, committed 8064K, reserved 1048576K
}
Event: 15.913 GC heap after
{Heap after GC invocations=16 (full 0):
 garbage-first heap   total 97280K, used 29782K [0x00000000a2400000, 0x0000000100000000)
  region size 1024K, 5 young (5120K), 5 survivors (5120K)
 Metaspace       used 59019K, committed 59392K, reserved 1114112K
  class space    used 7871K, committed 8064K, reserved 1048576K
}

