# JRE version: Java(TM) SE Runtime Environment (17.0.8+9) (build 17.0.8+9-LTS-211)
# Java VM: Java HotSpot(TM) 64-Bit Server VM (17.0.8+9-LTS-211, mixed mode, sharing, tiered, compressed oops, compressed class ptrs, g1 gc, windows-amd64)
GC Precious Log:
 CPUs: 12 total, 12 available
 Memory: 5996M
 Large Page Support: Disabled
 NUMA Support: Disabled
 Compressed Oops: Enabled (32-bit)
 Heap Region Size: 1M
 Heap Min Capacity: 8M
 Heap Initial Capacity: 94M
 Heap Max Capacity: 1500M
 Pre-touch: Disabled
 Parallel Workers: 10
 Concurrent Workers: 3
 Concurrent Refinement Workers: 10
 Periodic GC: Disabled
Heap:
 garbage-first heap   total 155648K, used 116936K [0x00000000a2400000, 0x0000000100000000)
  region size 1024K, 36 young (36864K), 3 survivors (3072K)
 Metaspace       used 39059K, committed 39488K, reserved 1114112K
  class space    used 4308K, committed 4480K, reserved 1048576K
GC Heap History (20 events):
Event: 12.719 GC heap before
{Heap before GC invocations=17 (full 0):
 garbage-first heap   total 117760K, used 91098K [0x00000000a2400000, 0x0000000100000000)
  region size 1024K, 46 young (47104K), 3 survivors (3072K)
 Metaspace       used 30201K, committed 30528K, reserved 1114112K
  class space    used 3354K, committed 3520K, reserved 1048576K
}
Event: 12.732 GC heap after
{Heap after GC invocations=18 (full 0):
 garbage-first heap   total 117760K, used 48554K [0x00000000a2400000, 0x0000000100000000)
  region size 1024K, 4 young (4096K), 4 survivors (4096K)
 Metaspace       used 30201K, committed 30528K, reserved 1114112K
  class space    used 3354K, committed 3520K, reserved 1048576K
}
Event: 13.049 GC heap before
{Heap before GC invocations=18 (full 0):
 garbage-first heap   total 117760K, used 92586K [0x00000000a2400000, 0x0000000100000000)
  region size 1024K, 47 young (48128K), 4 survivors (4096K)
 Metaspace       used 30295K, committed 30592K, reserved 1114112K
  class space    used 3354K, committed 3520K, reserved 1048576K
}
Event: 13.063 GC heap after
{Heap after GC invocations=19 (full 0):
 garbage-first heap   total 117760K, used 49100K [0x00000000a2400000, 0x0000000100000000)
  region size 1024K, 4 young (4096K), 4 survivors (4096K)
 Metaspace       used 30295K, committed 30592K, reserved 1114112K
  class space    used 3354K, committed 3520K, reserved 1048576K
}
Event: 13.342 GC heap before
{Heap before GC invocations=19 (full 0):
 garbage-first heap   total 117760K, used 94156K [0x00000000a2400000, 0x0000000100000000)
  region size 1024K, 48 young (49152K), 4 survivors (4096K)
 Metaspace       used 30337K, committed 30656K, reserved 1114112K
  class space    used 3354K, committed 3520K, reserved 1048576K
}
Event: 13.351 GC heap after
{Heap after GC invocations=20 (full 0):
 garbage-first heap   total 117760K, used 49098K [0x00000000a2400000, 0x0000000100000000)
  region size 1024K, 4 young (4096K), 4 survivors (4096K)
 Metaspace       used 30337K, committed 30656K, reserved 1114112K
  class space    used 3354K, committed 3520K, reserved 1048576K
}
Event: 14.045 GC heap before
{Heap before GC invocations=20 (full 0):
 garbage-first heap   total 117760K, used 94154K [0x00000000a2400000, 0x0000000100000000)
  region size 1024K, 48 young (49152K), 4 survivors (4096K)
 Metaspace       used 31892K, committed 32192K, reserved 1114112K
  class space    used 3544K, committed 3712K, reserved 1048576K
}
Event: 14.059 GC heap after
{Heap after GC invocations=21 (full 0):
 garbage-first heap   total 117760K, used 49400K [0x00000000a2400000, 0x0000000100000000)
  region size 1024K, 4 young (4096K), 4 survivors (4096K)
 Metaspace       used 31892K, committed 32192K, reserved 1114112K
  class space    used 3544K, committed 3712K, reserved 1048576K
}
Event: 14.859 GC heap before
{Heap before GC invocations=21 (full 0):
 garbage-first heap   total 117760K, used 95480K [0x00000000a2400000, 0x0000000100000000)
  region size 1024K, 49 young (50176K), 4 survivors (4096K)
 Metaspace       used 32692K, committed 33024K, reserved 1114112K
  class space    used 3589K, committed 3776K, reserved 1048576K
}
Event: 14.876 GC heap after
{Heap after GC invocations=22 (full 0):
 garbage-first heap   total 155648K, used 51837K [0x00000000a2400000, 0x0000000100000000)
  region size 1024K, 6 young (6144K), 6 survivors (6144K)
 Metaspace       used 32692K, committed 33024K, reserved 1114112K
  class space    used 3589K, committed 3776K, reserved 1048576K
}
Event: 15.898 GC heap before
{Heap before GC invocations=22 (full 0):
 garbage-first heap   total 155648K, used 127613K [0x00000000a2400000, 0x0000000100000000)
  region size 1024K, 79 young (80896K), 6 survivors (6144K)
 Metaspace       used 33738K, committed 34112K, reserved 1114112K
  class space    used 3702K, committed 3904K, reserved 1048576K
}
Event: 15.932 GC heap after
{Heap after GC invocations=23 (full 0):
 garbage-first heap   total 155648K, used 71288K [0x00000000a2400000, 0x0000000100000000)
  region size 1024K, 10 young (10240K), 10 survivors (10240K)
 Metaspace       used 33738K, committed 34112K, reserved 1114112K
  class space    used 3702K, committed 3904K, reserved 1048576K
}
Event: 16.983 GC heap before
{Heap before GC invocations=23 (full 0):
 garbage-first heap   total 155648K, used 119416K [0x00000000a2400000, 0x0000000100000000)
  region size 1024K, 58 young (59392K), 10 survivors (10240K)
 Metaspace       used 35632K, committed 36032K, reserved 1114112K
  class space    used 3894K, committed 4096K, reserved 1048576K
}
Event: 16.992 GC heap after
{Heap after GC invocations=24 (full 0):
 garbage-first heap   total 155648K, used 66112K [0x00000000a2400000, 0x0000000100000000)
  region size 1024K, 2 young (2048K), 2 survivors (2048K)
 Metaspace       used 35632K, committed 36032K, reserved 1114112K
  class space    used 3894K, committed 4096K, reserved 1048576K
}
Event: 41.007 GC heap before
{Heap before GC invocations=24 (full 0):
 garbage-first heap   total 155648K, used 120384K [0x00000000a2400000, 0x0000000100000000)
  region size 1024K, 55 young (56320K), 2 survivors (2048K)
 Metaspace       used 37681K, committed 38144K, reserved 1114112K
  class space    used 4153K, committed 4352K, reserved 1048576K
}
Event: 41.049 GC heap after
{Heap after GC invocations=25 (full 0):
 garbage-first heap   total 155648K, used 68160K [0x00000000a2400000, 0x0000000100000000)
  region size 1024K, 4 young (4096K), 4 survivors (4096K)
 Metaspace       used 37681K, committed 38144K, reserved 1114112K
  class space    used 4153K, committed 4352K, reserved 1048576K
}
Event: 41.603 GC heap before
{Heap before GC invocations=25 (full 0):
 garbage-first heap   total 155648K, used 75328K [0x00000000a2400000, 0x0000000100000000)
  region size 1024K, 8 young (8192K), 4 survivors (4096K)
 Metaspace       used 38140K, committed 38592K, reserved 1114112K
  class space    used 4206K, committed 4416K, reserved 1048576K
}
Event: 41.620 GC heap after
{Heap after GC invocations=26 (full 0):
 garbage-first heap   total 155648K, used 73080K [0x00000000a2400000, 0x0000000100000000)
  region size 1024K, 5 young (5120K), 5 survivors (5120K)
 Metaspace       used 38140K, committed 38592K, reserved 1114112K
  class space    used 4206K, committed 4416K, reserved 1048576K
}
Event: 41.640 GC heap before
{Heap before GC invocations=26 (full 0):
 garbage-first heap   total 155648K, used 74104K [0x00000000a2400000, 0x0000000100000000)
  region size 1024K, 6 young (6144K), 5 survivors (5120K)
 Metaspace       used 38140K, committed 38592K, reserved 1114112K
  class space    used 4206K, committed 4416K, reserved 1048576K
}
Event: 41.652 GC heap after
{Heap after GC invocations=27 (full 0):
 garbage-first heap   total 155648K, used 73928K [0x00000000a2400000, 0x0000000100000000)
  region size 1024K, 3 young (3072K), 3 survivors (3072K)
 Metaspace       used 38140K, committed 38592K, reserved 1114112K
  class space    used 4206K, committed 4416K, reserved 1048576K
}

