# JRE version: Java(TM) SE Runtime Environment (17.0.8+9) (build 17.0.8+9-LTS-211)
# Java VM: Java HotSpot(TM) 64-Bit Server VM (17.0.8+9-LTS-211, mixed mode, sharing, tiered, compressed oops, compressed class ptrs, g1 gc, windows-amd64)
GC Precious Log:
 CPUs: 12 total, 12 available
 Memory: 5996M
 Large Page Support: Disabled
 NUMA Support: Disabled
 Compressed Oops: Enabled (32-bit)
 Heap Region Size: 1M
 Heap Min Capacity: 8M
 Heap Initial Capacity: 94M
 Heap Max Capacity: 1500M
 Pre-touch: Disabled
 Parallel Workers: 10
 Concurrent Workers: 3
 Concurrent Refinement Workers: 10
 Periodic GC: Disabled
Heap:
 garbage-first heap   total 73728K, used 41466K [0x00000000a2400000, 0x0000000100000000)
  region size 1024K, 14 young (14336K), 3 survivors (3072K)
 Metaspace       used 62553K, committed 62912K, reserved 1114112K
  class space    used 8274K, committed 8448K, reserved 1048576K
GC Heap History (20 events):
Event: 7.163 GC heap before
{Heap before GC invocations=6 (full 0):
 garbage-first heap   total 61440K, used 42879K [0x00000000a2400000, 0x0000000100000000)
  region size 1024K, 31 young (31744K), 4 survivors (4096K)
 Metaspace       used 30470K, committed 30720K, reserved 1114112K
  class space    used 3923K, committed 4032K, reserved 1048576K
}
Event: 7.185 GC heap after
{Heap after GC invocations=7 (full 0):
 garbage-first heap   total 61440K, used 18283K [0x00000000a2400000, 0x0000000100000000)
  region size 1024K, 3 young (3072K), 3 survivors (3072K)
 Metaspace       used 30470K, committed 30720K, reserved 1114112K
  class space    used 3923K, committed 4032K, reserved 1048576K
}
Event: 8.101 GC heap before
{Heap before GC invocations=7 (full 0):
 garbage-first heap   total 61440K, used 41835K [0x00000000a2400000, 0x0000000100000000)
  region size 1024K, 27 young (27648K), 3 survivors (3072K)
 Metaspace       used 35743K, committed 35968K, reserved 1114112K
  class space    used 4792K, committed 4928K, reserved 1048576K
}
Event: 8.119 GC heap after
{Heap after GC invocations=8 (full 0):
 garbage-first heap   total 61440K, used 19855K [0x00000000a2400000, 0x0000000100000000)
  region size 1024K, 2 young (2048K), 2 survivors (2048K)
 Metaspace       used 35743K, committed 35968K, reserved 1114112K
  class space    used 4792K, committed 4928K, reserved 1048576K
}
Event: 10.109 GC heap before
{Heap before GC invocations=9 (full 0):
 garbage-first heap   total 61440K, used 44431K [0x00000000a2400000, 0x0000000100000000)
  region size 1024K, 26 young (26624K), 2 survivors (2048K)
 Metaspace       used 45314K, committed 45632K, reserved 1114112K
  class space    used 5980K, committed 6144K, reserved 1048576K
}
Event: 10.129 GC heap after
{Heap after GC invocations=10 (full 0):
 garbage-first heap   total 61440K, used 22625K [0x00000000a2400000, 0x0000000100000000)
  region size 1024K, 4 young (4096K), 4 survivors (4096K)
 Metaspace       used 45314K, committed 45632K, reserved 1114112K
  class space    used 5980K, committed 6144K, reserved 1048576K
}
Event: 11.260 GC heap before
{Heap before GC invocations=10 (full 0):
 garbage-first heap   total 61440K, used 45153K [0x00000000a2400000, 0x0000000100000000)
  region size 1024K, 27 young (27648K), 4 survivors (4096K)
 Metaspace       used 50223K, committed 50560K, reserved 1114112K
  class space    used 6731K, committed 6912K, reserved 1048576K
}
Event: 11.279 GC heap after
{Heap after GC invocations=11 (full 0):
 garbage-first heap   total 61440K, used 23938K [0x00000000a2400000, 0x0000000100000000)
  region size 1024K, 2 young (2048K), 2 survivors (2048K)
 Metaspace       used 50223K, committed 50560K, reserved 1114112K
  class space    used 6731K, committed 6912K, reserved 1048576K
}
Event: 17.639 GC heap before
{Heap before GC invocations=11 (full 0):
 garbage-first heap   total 61440K, used 46466K [0x00000000a2400000, 0x0000000100000000)
  region size 1024K, 24 young (24576K), 2 survivors (2048K)
 Metaspace       used 53055K, committed 53440K, reserved 1114112K
  class space    used 7072K, committed 7232K, reserved 1048576K
}
Event: 17.645 GC heap after
{Heap after GC invocations=12 (full 0):
 garbage-first heap   total 73728K, used 24792K [0x00000000a2400000, 0x0000000100000000)
  region size 1024K, 3 young (3072K), 3 survivors (3072K)
 Metaspace       used 53055K, committed 53440K, reserved 1114112K
  class space    used 7072K, committed 7232K, reserved 1048576K
}
Event: 18.304 GC heap before
{Heap before GC invocations=12 (full 0):
 garbage-first heap   total 73728K, used 55512K [0x00000000a2400000, 0x0000000100000000)
  region size 1024K, 33 young (33792K), 3 survivors (3072K)
 Metaspace       used 58062K, committed 58368K, reserved 1114112K
  class space    used 7716K, committed 7872K, reserved 1048576K
}
Event: 18.319 GC heap after
{Heap after GC invocations=13 (full 0):
 garbage-first heap   total 73728K, used 26638K [0x00000000a2400000, 0x0000000100000000)
  region size 1024K, 4 young (4096K), 4 survivors (4096K)
 Metaspace       used 58062K, committed 58368K, reserved 1114112K
  class space    used 7716K, committed 7872K, reserved 1048576K
}
Event: 18.923 GC heap before
{Heap before GC invocations=13 (full 0):
 garbage-first heap   total 73728K, used 57358K [0x00000000a2400000, 0x0000000100000000)
  region size 1024K, 34 young (34816K), 4 survivors (4096K)
 Metaspace       used 59569K, committed 59968K, reserved 1114112K
  class space    used 7902K, committed 8064K, reserved 1048576K
}
Event: 18.930 GC heap after
{Heap after GC invocations=14 (full 0):
 garbage-first heap   total 73728K, used 28514K [0x00000000a2400000, 0x0000000100000000)
  region size 1024K, 4 young (4096K), 4 survivors (4096K)
 Metaspace       used 59569K, committed 59968K, reserved 1114112K
  class space    used 7902K, committed 8064K, reserved 1048576K
}
Event: 19.115 GC heap before
{Heap before GC invocations=14 (full 0):
 garbage-first heap   total 73728K, used 46946K [0x00000000a2400000, 0x0000000100000000)
  region size 1024K, 23 young (23552K), 4 survivors (4096K)
 Metaspace       used 59869K, committed 60160K, reserved 1114112K
  class space    used 7917K, committed 8064K, reserved 1048576K
}
Event: 19.121 GC heap after
{Heap after GC invocations=15 (full 0):
 garbage-first heap   total 73728K, used 29278K [0x00000000a2400000, 0x0000000100000000)
  region size 1024K, 3 young (3072K), 3 survivors (3072K)
 Metaspace       used 59869K, committed 60160K, reserved 1114112K
  class space    used 7917K, committed 8064K, reserved 1048576K
}
Event: 19.395 GC heap before
{Heap before GC invocations=16 (full 0):
 garbage-first heap   total 73728K, used 57950K [0x00000000a2400000, 0x0000000100000000)
  region size 1024K, 31 young (31744K), 3 survivors (3072K)
 Metaspace       used 60004K, committed 60352K, reserved 1114112K
  class space    used 7936K, committed 8128K, reserved 1048576K
}
Event: 19.399 GC heap after
{Heap after GC invocations=17 (full 0):
 garbage-first heap   total 73728K, used 30030K [0x00000000a2400000, 0x0000000100000000)
  region size 1024K, 2 young (2048K), 2 survivors (2048K)
 Metaspace       used 60004K, committed 60352K, reserved 1114112K
  class space    used 7936K, committed 8128K, reserved 1048576K
}
Event: 19.759 GC heap before
{Heap before GC invocations=17 (full 0):
 garbage-first heap   total 73728K, used 58702K [0x00000000a2400000, 0x0000000100000000)
  region size 1024K, 30 young (30720K), 2 survivors (2048K)
 Metaspace       used 60695K, committed 61120K, reserved 1114112K
  class space    used 7990K, committed 8192K, reserved 1048576K
}
Event: 19.763 GC heap after
{Heap after GC invocations=18 (full 0):
 garbage-first heap   total 73728K, used 31226K [0x00000000a2400000, 0x0000000100000000)
  region size 1024K, 3 young (3072K), 3 survivors (3072K)
 Metaspace       used 60695K, committed 61120K, reserved 1114112K
  class space    used 7990K, committed 8192K, reserved 1048576K
}

